2015/02/12 08:08:04 [error] [exception.CHttpException.404] exception 'CHttpException' with message 'ระบบไม่สามารถดำเนินการ "services" ตามคำสั่งได้' in D:\development\xampp\htdocs\yii\framework\web\CController.php:483
Stack trace:
#0 D:\development\xampp\htdocs\yii\framework\web\CController.php(270): CController->missingAction('services')
#1 D:\development\xampp\htdocs\yii\framework\web\CWebApplication.php(282): CController->run('services')
#2 D:\development\xampp\htdocs\yii\framework\web\CWebApplication.php(141): CWebApplication->runController('site/services')
#3 D:\development\xampp\htdocs\yii\framework\base\CApplication.php(180): CWebApplication->processRequest()
#4 D:\development\xampp\htdocs\inkjet2\index.php(13): CApplication->run()
#5 {main}
REQUEST_URI=/inkjet2/index.php?r=site/services
HTTP_REFERER=http://localhost/inkjet2/
---
2015/02/12 11:24:07 [error] [exception.CHttpException.404] exception 'CHttpException' with message 'ระบบไม่สามารถดำเนินการ "rubberstamp" ตามคำสั่งได้' in D:\development\xampp\htdocs\yii\framework\web\CController.php:483
Stack trace:
#0 D:\development\xampp\htdocs\yii\framework\web\CController.php(270): CController->missingAction('rubberstamp')
#1 D:\development\xampp\htdocs\yii\framework\web\CWebApplication.php(282): CController->run('rubberstamp')
#2 D:\development\xampp\htdocs\yii\framework\web\CWebApplication.php(141): CWebApplication->runController('site/rubberstam...')
#3 D:\development\xampp\htdocs\yii\framework\base\CApplication.php(180): CWebApplication->processRequest()
#4 D:\development\xampp\htdocs\inkjet2\index.php(13): CApplication->run()
#5 {main}
REQUEST_URI=/inkjet2/index.php?r=site/rubberstamp
HTTP_REFERER=http://localhost/inkjet2/index.php?r=site/index
---
2015/02/12 11:24:10 [error] [exception.CHttpException.404] exception 'CHttpException' with message 'ระบบไม่สามารถดำเนินการ "promotion" ตามคำสั่งได้' in D:\development\xampp\htdocs\yii\framework\web\CController.php:483
Stack trace:
#0 D:\development\xampp\htdocs\yii\framework\web\CController.php(270): CController->missingAction('promotion')
#1 D:\development\xampp\htdocs\yii\framework\web\CWebApplication.php(282): CController->run('promotion')
#2 D:\development\xampp\htdocs\yii\framework\web\CWebApplication.php(141): CWebApplication->runController('site/promotion')
#3 D:\development\xampp\htdocs\yii\framework\base\CApplication.php(180): CWebApplication->processRequest()
#4 D:\development\xampp\htdocs\inkjet2\index.php(13): CApplication->run()
#5 {main}
REQUEST_URI=/inkjet2/index.php?r=site/promotion
HTTP_REFERER=http://localhost/inkjet2/index.php?r=site/rubberstamp
---
2015/02/12 11:24:12 [error] [exception.CHttpException.404] exception 'CHttpException' with message 'ระบบไม่สามารถดำเนินการ "services" ตามคำสั่งได้' in D:\development\xampp\htdocs\yii\framework\web\CController.php:483
Stack trace:
#0 D:\development\xampp\htdocs\yii\framework\web\CController.php(270): CController->missingAction('services')
#1 D:\development\xampp\htdocs\yii\framework\web\CWebApplication.php(282): CController->run('services')
#2 D:\development\xampp\htdocs\yii\framework\web\CWebApplication.php(141): CWebApplication->runController('site/services')
#3 D:\development\xampp\htdocs\yii\framework\base\CApplication.php(180): CWebApplication->processRequest()
#4 D:\development\xampp\htdocs\inkjet2\index.php(13): CApplication->run()
#5 {main}
REQUEST_URI=/inkjet2/index.php?r=site/services
HTTP_REFERER=http://localhost/inkjet2/index.php?r=site/promotion
---
2015/02/12 11:24:17 [error] [exception.CHttpException.404] exception 'CHttpException' with message 'ระบบไม่สามารถดำเนินการ "webdesign" ตามคำสั่งได้' in D:\development\xampp\htdocs\yii\framework\web\CController.php:483
Stack trace:
#0 D:\development\xampp\htdocs\yii\framework\web\CController.php(270): CController->missingAction('webdesign')
#1 D:\development\xampp\htdocs\yii\framework\web\CWebApplication.php(282): CController->run('webdesign')
#2 D:\development\xampp\htdocs\yii\framework\web\CWebApplication.php(141): CWebApplication->runController('site/webdesign')
#3 D:\development\xampp\htdocs\yii\framework\base\CApplication.php(180): CWebApplication->processRequest()
#4 D:\development\xampp\htdocs\inkjet2\index.php(13): CApplication->run()
#5 {main}
REQUEST_URI=/inkjet2/index.php?r=site/webdesign
HTTP_REFERER=http://localhost/inkjet2/index.php?r=site/index
---
